<?xml version="1.0" encoding="UTF-8"?>
<testng-results skipped="0" failed="0" ignored="0" total="2" passed="2">
  <reporter-output>
  </reporter-output>
  <suite name="Default suite" duration-ms="209445" started-at="2020-11-02T01:11:02 IST" finished-at="2020-11-02T01:14:32 IST">
    <groups>
    </groups>
    <test name="Default test" duration-ms="209445" started-at="2020-11-02T01:11:02 IST" finished-at="2020-11-02T01:14:32 IST">
      <class name="com.trivago.TestTrivago.test.TestTrivago">
        <test-method status="PASS" signature="test1()[pri:0, instance:com.trivago.TestTrivago.test.TestTrivago@1a677343]" name="test1" is-config="true" duration-ms="10229" started-at="2020-11-02T01:11:02 IST" finished-at="2020-11-02T01:11:12 IST">
          <reporter-output>
          </reporter-output>
        </test-method> <!-- test1 -->
        <test-method status="PASS" signature="test2()[pri:0, instance:com.trivago.TestTrivago.test.TestTrivago@1a677343]" name="test2" duration-ms="155855" started-at="2020-11-02T01:11:13 IST" finished-at="2020-11-02T01:13:48 IST">
          <reporter-output>
          </reporter-output>
        </test-method> <!-- test2 -->
        <test-method status="PASS" signature="testLogin()[pri:0, instance:com.trivago.TestTrivago.test.TestTrivago@1a677343]" name="testLogin" duration-ms="9061" started-at="2020-11-02T01:13:48 IST" finished-at="2020-11-02T01:13:57 IST">
          <reporter-output>
          </reporter-output>
        </test-method> <!-- testLogin -->
      </class> <!-- com.trivago.TestTrivago.test.TestTrivago -->
    </test> <!-- Default test -->
  </suite> <!-- Default suite -->
</testng-results>
